{
  "0 debug pnpm:scope": {
    "selected": 1
  },
  "1 error pnpm": {
    "shortMessage": "Command failed with exit code 1: /home/max/.nvm/versions/node/v16.13.1/bin/pnpm add --version --global --global-dir=/tmp/dlx-14849 --dir=/tmp/dlx-14849 --config.global-bin-dir=/tmp/dlx-14849/bin",
    "command": "/home/max/.nvm/versions/node/v16.13.1/bin/pnpm add --version --global --global-dir=/tmp/dlx-14849 --dir=/tmp/dlx-14849 --config.global-bin-dir=/tmp/dlx-14849/bin",
    "escapedCommand": "\"/home/max/.nvm/versions/node/v16.13.1/bin/pnpm\" add --version --global \"--global-dir=/tmp/dlx-14849\" \"--dir=/tmp/dlx-14849\" \"--config.global-bin-dir=/tmp/dlx-14849/bin\"",
    "exitCode": 1,
    "failed": true,
    "timedOut": false,
    "isCanceled": false,
    "killed": false,
    "err": {
      "name": "pnpm",
      "message": "Command failed with exit code 1: /home/max/.nvm/versions/node/v16.13.1/bin/pnpm add --version --global --global-dir=/tmp/dlx-14849 --dir=/tmp/dlx-14849 --config.global-bin-dir=/tmp/dlx-14849/bin",
      "stack": "pnpm: Command failed with exit code 1: /home/max/.nvm/versions/node/v16.13.1/bin/pnpm add --version --global --global-dir=/tmp/dlx-14849 --dir=/tmp/dlx-14849 --config.global-bin-dir=/tmp/dlx-14849/bin\n    at makeError (/home/max/.nvm/versions/node/v16.13.1/pnpm-global/5/node_modules/.pnpm/pnpm@7.0.0/node_modules/pnpm/dist/pnpx.cjs:36810:17)\n    at handlePromise (/home/max/.nvm/versions/node/v16.13.1/pnpm-global/5/node_modules/.pnpm/pnpm@7.0.0/node_modules/pnpm/dist/pnpx.cjs:37381:33)\n    at processTicksAndRejections (node:internal/process/task_queues:96:5)\n    at async Object.handler [as dlx] (/home/max/.nvm/versions/node/v16.13.1/pnpm-global/5/node_modules/.pnpm/pnpm@7.0.0/node_modules/pnpm/dist/pnpx.cjs:169994:7)\n    at async /home/max/.nvm/versions/node/v16.13.1/pnpm-global/5/node_modules/.pnpm/pnpm@7.0.0/node_modules/pnpm/dist/pnpx.cjs:175391:21\n    at async run (/home/max/.nvm/versions/node/v16.13.1/pnpm-global/5/node_modules/.pnpm/pnpm@7.0.0/node_modules/pnpm/dist/pnpx.cjs:175365:34)\n    at async /home/max/.nvm/versions/node/v16.13.1/pnpm-global/5/node_modules/.pnpm/pnpm@7.0.0/node_modules/pnpm/dist/pnpx.cjs:175437:5"
    }
  }
}